[20-Jun-2025 05:00:20 Europe/Berlin] PHP Fatal error:  Uncaught mysqli_sql_exception: Unknown column 'Caso_Cat_Id' in 'field list' in C:\xampp\htdocs\Pantry_Amigo\MVC\Vista\HTML\manejador_casos.php:58
Stack trace:
#0 C:\xampp\htdocs\Pantry_Amigo\MVC\Vista\HTML\manejador_casos.php(58): mysqli->prepare('INSERT INTO tbl...')
#1 {main}
  thrown in C:\xampp\htdocs\Pantry_Amigo\MVC\Vista\HTML\manejador_casos.php on line 58
[20-Jun-2025 05:00:31 Europe/Berlin] PHP Fatal error:  Uncaught mysqli_sql_exception: Unknown column 'Caso_Cat_Id' in 'field list' in C:\xampp\htdocs\Pantry_Amigo\MVC\Vista\HTML\manejador_casos.php:58
Stack trace:
#0 C:\xampp\htdocs\Pantry_Amigo\MVC\Vista\HTML\manejador_casos.php(58): mysqli->prepare('INSERT INTO tbl...')
#1 {main}
  thrown in C:\xampp\htdocs\Pantry_Amigo\MVC\Vista\HTML\manejador_casos.php on line 58
[20-Jun-2025 05:01:24 Europe/Berlin] PHP Fatal error:  Uncaught mysqli_sql_exception: Unknown column 'Caso_Cat_Id' in 'field list' in C:\xampp\htdocs\Pantry_Amigo\MVC\Vista\HTML\manejador_casos.php:58
Stack trace:
#0 C:\xampp\htdocs\Pantry_Amigo\MVC\Vista\HTML\manejador_casos.php(58): mysqli->prepare('INSERT INTO tbl...')
#1 {main}
  thrown in C:\xampp\htdocs\Pantry_Amigo\MVC\Vista\HTML\manejador_casos.php on line 58
[20-Jun-2025 05:01:24 Europe/Berlin] PHP Fatal error:  Uncaught mysqli_sql_exception: Unknown column 'Caso_Cat_Id' in 'field list' in C:\xampp\htdocs\Pantry_Amigo\MVC\Vista\HTML\manejador_casos.php:58
Stack trace:
#0 C:\xampp\htdocs\Pantry_Amigo\MVC\Vista\HTML\manejador_casos.php(58): mysqli->prepare('INSERT INTO tbl...')
#1 {main}
  thrown in C:\xampp\htdocs\Pantry_Amigo\MVC\Vista\HTML\manejador_casos.php on line 58
[20-Jun-2025 05:10:58 Europe/Berlin] PHP Fatal error:  Uncaught mysqli_sql_exception: Unknown column 'Caso_Cat_Id' in 'field list' in C:\xampp\htdocs\Pantry_Amigo\MVC\Vista\HTML\manejador_casos.php:58
Stack trace:
#0 C:\xampp\htdocs\Pantry_Amigo\MVC\Vista\HTML\manejador_casos.php(58): mysqli->prepare('INSERT INTO tbl...')
#1 {main}
  thrown in C:\xampp\htdocs\Pantry_Amigo\MVC\Vista\HTML\manejador_casos.php on line 58
[20-Jun-2025 05:11:03 Europe/Berlin] PHP Fatal error:  Uncaught mysqli_sql_exception: Unknown column 'Caso_Cat_Id' in 'field list' in C:\xampp\htdocs\Pantry_Amigo\MVC\Vista\HTML\manejador_casos.php:58
Stack trace:
#0 C:\xampp\htdocs\Pantry_Amigo\MVC\Vista\HTML\manejador_casos.php(58): mysqli->prepare('INSERT INTO tbl...')
#1 {main}
  thrown in C:\xampp\htdocs\Pantry_Amigo\MVC\Vista\HTML\manejador_casos.php on line 58
[20-Jun-2025 05:11:04 Europe/Berlin] PHP Fatal error:  Uncaught mysqli_sql_exception: Unknown column 'Caso_Cat_Id' in 'field list' in C:\xampp\htdocs\Pantry_Amigo\MVC\Vista\HTML\manejador_casos.php:58
Stack trace:
#0 C:\xampp\htdocs\Pantry_Amigo\MVC\Vista\HTML\manejador_casos.php(58): mysqli->prepare('INSERT INTO tbl...')
#1 {main}
  thrown in C:\xampp\htdocs\Pantry_Amigo\MVC\Vista\HTML\manejador_casos.php on line 58
[20-Jun-2025 05:17:22 Europe/Berlin] PHP Fatal error:  Uncaught mysqli_sql_exception: Unknown column 'Caso_Cat_Id' in 'field list' in C:\xampp\htdocs\Pantry_Amigo\MVC\Vista\HTML\manejador_casos.php:61
Stack trace:
#0 C:\xampp\htdocs\Pantry_Amigo\MVC\Vista\HTML\manejador_casos.php(61): mysqli->prepare('INSERT INTO tbl...')
#1 {main}
  thrown in C:\xampp\htdocs\Pantry_Amigo\MVC\Vista\HTML\manejador_casos.php on line 61
[20-Jun-2025 05:17:29 Europe/Berlin] PHP Fatal error:  Uncaught mysqli_sql_exception: Unknown column 'Caso_Cat_Id' in 'field list' in C:\xampp\htdocs\Pantry_Amigo\MVC\Vista\HTML\manejador_casos.php:61
Stack trace:
#0 C:\xampp\htdocs\Pantry_Amigo\MVC\Vista\HTML\manejador_casos.php(61): mysqli->prepare('INSERT INTO tbl...')
#1 {main}
  thrown in C:\xampp\htdocs\Pantry_Amigo\MVC\Vista\HTML\manejador_casos.php on line 61
